<?xml version="1.0" encoding="UTF-8"?>
<!-- Generated by org.testng.reporters.JUnitXMLReporter -->
<testsuite hostname="DESKTOP-1EKQBD8" ignored="0" name="Test" tests="4" failures="0" timestamp="25 Nov 2020 09:16:51 GMT" time="23.799" errors="0">
  <testcase name="contactUs1" time="21.327" classname="scripts.ContactUs"/>
  <testcase name="contactUs3" time="23.06" classname="scripts.ContactUs"/>
  <testcase name="contactUs4" time="23.445" classname="scripts.ContactUs"/>
  <testcase name="contactUs2" time="23.745" classname="scripts.ContactUs"/>
</testsuite> <!-- Test -->
